ke: 0.248974  pe: -0.501917  e0: -0.252944
time: 1.34069e+09 s
speed: 3.20355e-09 Gint/s
speed: 1.21735e-07 Gflops
step: 1 time: 1.000000e-02
e: -2.529438e-01 de: -1.077959e-07
ke: 2.489714e-01 pe: -5.019152e-01
ke/pe: -4.960427e-01

time: 0.374549 s
speed: 11.467 Gint/s
speed: 435.747 Gflops
step: 2 time: 2.000000e-02
e: -2.529438e-01 de: -5.090441e-08
ke: 2.489691e-01 pe: -5.019129e-01
ke/pe: -4.960405e-01

time: 0.129601 s
speed: 33.1399 Gint/s
speed: 1259.32 Gflops
step: 3 time: 3.000000e-02
e: -2.529437e-01 de: 6.251931e-09
ke: 2.489673e-01 pe: -5.019110e-01
ke/pe: -4.960387e-01

time: 0.129745 s
speed: 33.1031 Gint/s
speed: 1257.92 Gflops
step: 4 time: 4.000000e-02
e: -2.529437e-01 de: 2.038149e-08
ke: 2.489663e-01 pe: -5.019100e-01
ke/pe: -4.960378e-01

